2021-11-02 12:19:57.988  INFO 17996 --- [main] c.f.cian.FlightreservationApplication    : Starting FlightreservationApplication using Java 16.0.2 on LAPTOP-S4MARFI0 with PID 17996 (C:\Users\P1025XPH1\AngularSpringMongo\Case Study\flightreservation\target\classes started by P1025XPH1 in C:\Users\P1025XPH1\AngularSpringMongo\Case Study\flightreservation)
2021-11-02 12:19:57.992  INFO 17996 --- [main] c.f.cian.FlightreservationApplication    : No active profile set, falling back to default profiles: default
2021-11-02 12:19:59.079  INFO 17996 --- [main] .s.d.r.c.RepositoryConfigurationDelegate : Bootstrapping Spring Data JPA repositories in DEFAULT mode.
2021-11-02 12:19:59.192  INFO 17996 --- [main] .s.d.r.c.RepositoryConfigurationDelegate : Finished Spring Data repository scanning in 86 ms. Found 4 JPA repository interfaces.
2021-11-02 12:20:00.054  INFO 17996 --- [main] o.s.b.w.embedded.tomcat.TomcatWebServer  : Tomcat initialized with port(s): 8080 (http)
2021-11-02 12:20:00.070  INFO 17996 --- [main] o.apache.catalina.core.StandardService   : Starting service [Tomcat]
2021-11-02 12:20:00.070  INFO 17996 --- [main] org.apache.catalina.core.StandardEngine  : Starting Servlet engine: [Apache Tomcat/9.0.54]
2021-11-02 12:20:00.464  INFO 17996 --- [main] org.apache.jasper.servlet.TldScanner     : At least one JAR was scanned for TLDs yet contained no TLDs. Enable debug logging for this logger for a complete list of JARs that were scanned but no TLDs were found in them. Skipping unneeded JARs during scanning can improve startup time and JSP compilation time.
2021-11-02 12:20:00.479  INFO 17996 --- [main] o.a.c.c.C.[.[.[/flightreservation]       : Initializing Spring embedded WebApplicationContext
2021-11-02 12:20:00.480  INFO 17996 --- [main] w.s.c.ServletWebServerApplicationContext : Root WebApplicationContext: initialization completed in 2404 ms
2021-11-02 12:20:00.709  INFO 17996 --- [main] com.zaxxer.hikari.HikariDataSource       : HikariPool-1 - Starting...
2021-11-02 12:20:01.326  INFO 17996 --- [main] com.zaxxer.hikari.HikariDataSource       : HikariPool-1 - Start completed.
2021-11-02 12:20:01.424  INFO 17996 --- [main] o.hibernate.jpa.internal.util.LogHelper  : HHH000204: Processing PersistenceUnitInfo [name: default]
2021-11-02 12:20:01.520  INFO 17996 --- [main] org.hibernate.Version                    : HHH000412: Hibernate ORM core version 5.4.32.Final
2021-11-02 12:20:01.818  INFO 17996 --- [main] o.hibernate.annotations.common.Version   : HCANN000001: Hibernate Commons Annotations {5.1.2.Final}
2021-11-02 12:20:02.076  INFO 17996 --- [main] org.hibernate.dialect.Dialect            : HHH000400: Using dialect: org.hibernate.dialect.MySQL8Dialect
2021-11-02 12:20:03.099  INFO 17996 --- [main] o.h.e.t.j.p.i.JtaPlatformInitiator       : HHH000490: Using JtaPlatform implementation: [org.hibernate.engine.transaction.jta.platform.internal.NoJtaPlatform]
2021-11-02 12:20:03.114  INFO 17996 --- [main] j.LocalContainerEntityManagerFactoryBean : Initialized JPA EntityManagerFactory for persistence unit 'default'
2021-11-02 12:20:03.975  WARN 17996 --- [main] JpaBaseConfiguration$JpaWebConfiguration : spring.jpa.open-in-view is enabled by default. Therefore, database queries may be performed during view rendering. Explicitly configure spring.jpa.open-in-view to disable this warning
2021-11-02 12:20:04.277  INFO 17996 --- [main] o.s.b.a.w.s.WelcomePageHandlerMapping    : Adding welcome page template: index
2021-11-02 12:20:04.584  INFO 17996 --- [main] o.s.b.w.embedded.tomcat.TomcatWebServer  : Tomcat started on port(s): 8080 (http) with context path '/flightreservation'
2021-11-02 12:20:04.600  INFO 17996 --- [main] c.f.cian.FlightreservationApplication    : Started FlightreservationApplication in 7.197 seconds (JVM running for 8.343)
2021-11-02 12:20:16.892  INFO 17996 --- [http-nio-8080-exec-1] o.a.c.c.C.[.[.[/flightreservation]       : Initializing Spring DispatcherServlet 'dispatcherServlet'
2021-11-02 12:20:16.892  INFO 17996 --- [http-nio-8080-exec-1] o.s.web.servlet.DispatcherServlet        : Initializing Servlet 'dispatcherServlet'
2021-11-02 12:20:16.893  INFO 17996 --- [http-nio-8080-exec-1] o.s.web.servlet.DispatcherServlet        : Completed initialization in 1 ms
2021-11-02 12:20:16.912  INFO 17996 --- [http-nio-8080-exec-1] c.f.cian.Controller.UserController       : Inside showLoginPage()
2021-11-02 12:20:22.774  INFO 17996 --- [http-nio-8080-exec-2] c.f.cian.Controller.UserController       : Inside login() and the email is: SB017
2021-11-02 12:20:33.629  INFO 17996 --- [RMI TCP Connection(10)-127.0.0.1] inMXBeanRegistrar$SpringApplicationAdmin : Application shutdown requested.
2021-11-02 12:20:33.656  INFO 17996 --- [RMI TCP Connection(10)-127.0.0.1] j.LocalContainerEntityManagerFactoryBean : Closing JPA EntityManagerFactory for persistence unit 'default'
2021-11-02 12:20:33.657  INFO 17996 --- [RMI TCP Connection(10)-127.0.0.1] com.zaxxer.hikari.HikariDataSource       : HikariPool-1 - Shutdown initiated...
2021-11-02 12:20:33.664  INFO 17996 --- [RMI TCP Connection(10)-127.0.0.1] com.zaxxer.hikari.HikariDataSource       : HikariPool-1 - Shutdown completed.
